[debug] [2023-10-07T04:23:29.749Z] ----------------------------------------------------------------------
[debug] [2023-10-07T04:23:29.751Z] Command:       C:\Program Files\nodejs\node.exe C:\Users\Shinakrit Lao\AppData\Roaming\npm\node_modules\firebase-tools\lib\bin\firebase.js init
[debug] [2023-10-07T04:23:29.751Z] CLI Version:   12.6.2
[debug] [2023-10-07T04:23:29.751Z] Platform:      win32
[debug] [2023-10-07T04:23:29.751Z] Node Version:  v16.14.2
[debug] [2023-10-07T04:23:29.752Z] Time:          Sat Oct 07 2023 11:23:29 GMT+0700 (เวลาอินโดจีน)
[debug] [2023-10-07T04:23:29.752Z] ----------------------------------------------------------------------
[debug] 
[debug] [2023-10-07T04:23:29.758Z] > command requires scopes: ["email","openid","https://www.googleapis.com/auth/cloudplatformprojects.readonly","https://www.googleapis.com/auth/firebase","https://www.googleapis.com/auth/cloud-platform"]
[debug] [2023-10-07T04:23:29.758Z] > authorizing via signed-in user (shinshinakrit@gmail.com)
[info] 
     ######## #### ########  ######## ########     ###     ######  ########
     ##        ##  ##     ## ##       ##     ##  ##   ##  ##       ##
     ######    ##  ########  ######   ########  #########  ######  ######
     ##        ##  ##    ##  ##       ##     ## ##     ##       ## ##
     ##       #### ##     ## ######## ########  ##     ##  ######  ########

You're about to initialize a Firebase project in this directory:

  D:\KMUTT\CPE101\Web

[info] 
=== Project Setup
[info] 
[info] First, let's associate this project directory with a Firebase project.
[info] You can create multiple project aliases by running firebase use --add, 
[info] but for now we'll just set up a default project.
[info] 
[debug] [2023-10-07T04:23:51.067Z] >>> [apiv2][query] GET https://firebase.googleapis.com/v1beta1/projects pageSize=100
[debug] [2023-10-07T04:23:51.972Z] <<< [apiv2][status] GET https://firebase.googleapis.com/v1beta1/projects 200
[debug] [2023-10-07T04:23:51.972Z] <<< [apiv2][body] GET https://firebase.googleapis.com/v1beta1/projects [omitted]
[info] i  Using project portfolio-c3b47 (Portfolio) 
[info] 
=== Hosting Setup
[info] 
[info] Your public directory is the folder (relative to your project directory) that
[info] will contain Hosting assets to be uploaded with firebase deploy. If you
[info] have a build process for your assets, use your build's output directory.
[info] 
[debug] [2023-10-07T04:25:52.027Z] >>> [apiv2][query] GET https://www.gstatic.com/firebasejs/releases.json [none]
[debug] [2023-10-07T04:25:52.150Z] <<< [apiv2][status] GET https://www.gstatic.com/firebasejs/releases.json 200
[debug] [2023-10-07T04:25:52.151Z] <<< [apiv2][body] GET https://www.gstatic.com/firebasejs/releases.json {"current":{"version":"10.4.0","browserURL":"https://www.gstatic.com/firebasejs/10.4.0/firebase.js","packageURL":"https://www.gstatic.com/firebasejs/10.4.0/firebase.tgz"},"live":{"version":"10.4","browserURL":"https://www.gstatic.com/firebasejs/live/10.4/firebase.js","packageURL":"https://www.gstatic.com/firebasejs/live/10.4/firebase.tgz"},"components":{"analytics":"https://www.gstatic.com/firebasejs/10.4.0/firebase-analytics.js","app":"https://www.gstatic.com/firebasejs/10.4.0/firebase-app.js","app-check":"https://www.gstatic.com/firebasejs/10.4.0/firebase-app-check.js","auth":"https://www.gstatic.com/firebasejs/10.4.0/firebase-auth.js","auth/cordova":"https://www.gstatic.com/firebasejs/10.4.0/firebase-auth/cordova.js","functions":"https://www.gstatic.com/firebasejs/10.4.0/firebase-functions.js","firestore":"https://www.gstatic.com/firebasejs/10.4.0/firebase-firestore.js","firestore/lite":"https://www.gstatic.com/firebasejs/10.4.0/firebase-firestore/lite.js","installations":"https://www.gstatic.com/firebasejs/10.4.0/firebase-installations.js","storage":"https://www.gstatic.com/firebasejs/10.4.0/firebase-storage.js","performance":"https://www.gstatic.com/firebasejs/10.4.0/firebase-performance.js","remote-config":"https://www.gstatic.com/firebasejs/10.4.0/firebase-remote-config.js","messaging":"https://www.gstatic.com/firebasejs/10.4.0/firebase-messaging.js","messaging/sw":"https://www.gstatic.com/firebasejs/10.4.0/firebase-messaging/sw.js","database":"https://www.gstatic.com/firebasejs/10.4.0/firebase-database.js","firestore.memory":"https://www.gstatic.com/firebasejs/10.4.0/firebase-firestore.memory.js"}}
[info] +  Wrote public/index.html 
[info] 
[info] i  Didn't detect a .git folder. Assuming D:\KMUTT\CPE101\Web is the project root. 
[info] i  Authorizing with GitHub to upload your service account to a GitHub repository's secrets store. 
[info] 
[info] Visit this URL on this device to log in:
[info] https://github.com/login/oauth/authorize?client_id=89cf50f02ac6aaed3484&state=347408561&redirect_uri=http%3A%2F%2Flocalhost%3A9005&scope=read%3Auser%20repo%20public_repo
[info] 
[info] Waiting for authentication...
[debug] [2023-10-07T04:26:15.605Z] >>> [apiv2][query] POST https://github.com/login/oauth/access_token [none]
[debug] [2023-10-07T04:26:15.606Z] >>> [apiv2][body] POST https://github.com/login/oauth/access_token [stream]
[debug] [2023-10-07T04:26:16.081Z] <<< [apiv2][status] POST https://github.com/login/oauth/access_token 200
[debug] [2023-10-07T04:26:16.081Z] <<< [apiv2][body] POST https://github.com/login/oauth/access_token {"access_token":"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","token_type":"bearer","scope":"read:user,repo"}
[debug] [2023-10-07T04:26:16.090Z] >>> [apiv2][query] GET https://api.github.com/user [none]
[debug] [2023-10-07T04:26:16.578Z] <<< [apiv2][status] GET https://api.github.com/user 200
[debug] [2023-10-07T04:26:16.578Z] <<< [apiv2][body] GET https://api.github.com/user {"login":"ShinakritLao","id":96757208,"node_id":"U_kgDOBcRl2A","avatar_url":"https://avatars.githubusercontent.com/u/96757208?v=4","gravatar_id":"","url":"https://api.github.com/users/ShinakritLao","html_url":"https://github.com/ShinakritLao","followers_url":"https://api.github.com/users/ShinakritLao/followers","following_url":"https://api.github.com/users/ShinakritLao/following{/other_user}","gists_url":"https://api.github.com/users/ShinakritLao/gists{/gist_id}","starred_url":"https://api.github.com/users/ShinakritLao/starred{/owner}{/repo}","subscriptions_url":"https://api.github.com/users/ShinakritLao/subscriptions","organizations_url":"https://api.github.com/users/ShinakritLao/orgs","repos_url":"https://api.github.com/users/ShinakritLao/repos","events_url":"https://api.github.com/users/ShinakritLao/events{/privacy}","received_events_url":"https://api.github.com/users/ShinakritLao/received_events","type":"User","site_admin":false,"name":null,"company":null,"blog":"","location":null,"email":null,"hireable":null,"bio":null,"twitter_username":null,"public_repos":9,"public_gists":0,"followers":0,"following":1,"created_at":"2021-12-28T02:36:29Z","updated_at":"2023-09-04T10:18:19Z","private_gists":0,"total_private_repos":1,"owned_private_repos":1,"disk_usage":3924,"collaborators":0,"two_factor_authentication":false,"plan":{"name":"free","space":976562499,"collaborators":0,"private_repos":10000}}
[info] 
[info] +  Success! Logged into GitHub as ShinakritLao 
[info] 
